c:\users\gaypig\desktop\bdo-internal-master\fuckblackdesert.com\x64\release\vc141.pdb
c:\users\gaypig\desktop\bdo-internal-master\fuckblackdesert.com\x64\release\main.obj
c:\users\gaypig\desktop\bdo-internal-master\fuckblackdesert.com\x64\release\hooks.obj
c:\users\gaypig\desktop\bdo-internal-master\fuckblackdesert.com\x64\release\offsets.obj
c:\users\gaypig\desktop\bdo-internal-master\fuckblackdesert.com\x64\release\imgui_impl_dx11.obj
c:\users\gaypig\desktop\bdo-internal-master\fuckblackdesert.com\x64\release\imgui_draw.obj
c:\users\gaypig\desktop\bdo-internal-master\fuckblackdesert.com\x64\release\imgui_demo.obj
c:\users\gaypig\desktop\bdo-internal-master\fuckblackdesert.com\x64\release\imgui.obj
c:\users\gaypig\desktop\bdo-internal-master\fuckblackdesert.com\x64\release\common.obj
c:\users\gaypig\desktop\bdo-internal-master\fuckblackdesert.com\x64\release\trampoline.obj
c:\users\gaypig\desktop\bdo-internal-master\fuckblackdesert.com\x64\release\hook.obj
c:\users\gaypig\desktop\bdo-internal-master\fuckblackdesert.com\x64\release\hde64.obj
c:\users\gaypig\desktop\bdo-internal-master\fuckblackdesert.com\x64\release\hde32.obj
c:\users\gaypig\desktop\bdo-internal-master\fuckblackdesert.com\x64\release\buffer.obj
c:\users\gaypig\desktop\bdo-internal-master\x64\release\fuckblackdesert.dll
c:\users\gaypig\desktop\bdo-internal-master\fuckblackdesert.com\x64\release\fuckblac.8d7d1d14.tlog\cl.command.1.tlog
c:\users\gaypig\desktop\bdo-internal-master\fuckblackdesert.com\x64\release\fuckblac.8d7d1d14.tlog\cl.read.1.tlog
c:\users\gaypig\desktop\bdo-internal-master\fuckblackdesert.com\x64\release\fuckblac.8d7d1d14.tlog\cl.write.1.tlog
c:\users\gaypig\desktop\bdo-internal-master\fuckblackdesert.com\x64\release\fuckblac.8d7d1d14.tlog\link.command.1.tlog
c:\users\gaypig\desktop\bdo-internal-master\fuckblackdesert.com\x64\release\fuckblac.8d7d1d14.tlog\link.read.1.tlog
c:\users\gaypig\desktop\bdo-internal-master\fuckblackdesert.com\x64\release\fuckblac.8d7d1d14.tlog\link.write.1.tlog
